<?xml version="1.0" encoding="UTF-8"?>
<!-- Generated by org.testng.reporters.JUnitXMLReporter -->
<testsuite ignored="0" hostname="LTIN538497" failures="0" tests="10" name="Test2" time="179.338" errors="0" timestamp="2025-07-04T09:05:31 IST">
  <testcase classname="base.DeletingSkillSet" name="loginToWebsite" time="2.501"/>
  <testcase classname="base.DeletingSkillSet" name="jobCategoriesOperation" time="17.452"/>
  <testcase classname="base.DeletingSkillSet" name="jobCategoriesOperation" time="17.134"/>
  <testcase classname="base.DeletingSkillSet" name="jobCategoriesOperation" time="16.607"/>
  <testcase classname="base.DeletingSkillSet" name="organizationLocationOperation" time="20.118"/>
  <testcase classname="base.DeletingSkillSet" name="organizationLocationOperation" time="19.32"/>
  <testcase classname="base.DeletingSkillSet" name="organizationLocationOperation" time="18.847"/>
  <testcase classname="base.DeletingSkillSet" name="qualificationSkillsOperation" time="17.783"/>
  <testcase classname="base.DeletingSkillSet" name="qualificationSkillsOperation" time="17.335"/>
  <testcase classname="base.DeletingSkillSet" name="qualificationSkillsOperation" time="17.259"/>
</testsuite> <!-- Test2 -->
