<?xml version="1.0" encoding="UTF-8"?>
<!-- Generated by org.testng.reporters.JUnitXMLReporter -->
<testsuite ignored="0" hostname="LTIN538497" failures="0" tests="10" name="Test1" time="185.064" errors="0" timestamp="2025-07-04T09:02:32 IST">
  <testcase classname="base.DeletingSkillSet" name="loginToWebsite" time="2.016"/>
  <testcase classname="base.DeletingSkillSet" name="jobCategoriesOperation" time="16.816"/>
  <testcase classname="base.DeletingSkillSet" name="jobCategoriesOperation" time="17.422"/>
  <testcase classname="base.DeletingSkillSet" name="jobCategoriesOperation" time="16.772"/>
  <testcase classname="base.DeletingSkillSet" name="organizationLocationOperation" time="20.93"/>
  <testcase classname="base.DeletingSkillSet" name="organizationLocationOperation" time="18.91"/>
  <testcase classname="base.DeletingSkillSet" name="organizationLocationOperation" time="19.309"/>
  <testcase classname="base.DeletingSkillSet" name="qualificationSkillsOperation" time="16.764"/>
  <testcase classname="base.DeletingSkillSet" name="qualificationSkillsOperation" time="16.817"/>
  <testcase classname="base.DeletingSkillSet" name="qualificationSkillsOperation" time="17.056"/>
</testsuite> <!-- Test1 -->
